[0213/160111:INFO:collada.cc(302)] Loading Collada model "/skiffs.dae" from zip file "C:\Development\adlnet.GitHub.com\3D-Repository\VwarWeb\App_Data\viewerTemp\2c12da990e61b2203f511f816c2bcde893ddd72688.zip"
[0213/160111:INFO:pack.cc(128)] CreateTextureFromFile(uri='24ft_skiff.png', filename='C:\Users\CHADWI~1\AppData\Local\Temp\8211ab4b-5407-4344-9aeb-2d7c7864363b.png')
[0213/160111:INFO:image_utils.cc(849)] Bitmap Found a PNG file : C:\Users\CHADWI~1\AppData\Local\Temp\8211ab4b-5407-4344-9aeb-2d7c7864363b.png
[0213/160111:INFO:pack.cc(128)] CreateTextureFromFile(uri='outboard.png', filename='C:\Users\CHADWI~1\AppData\Local\Temp\1963f19d-f281-48e9-918f-5a3b7120bd72.png')
[0213/160111:INFO:image_utils.cc(849)] Bitmap Found a PNG file : C:\Users\CHADWI~1\AppData\Local\Temp\1963f19d-f281-48e9-918f-5a3b7120bd72.png
[0213/160111:INFO:pack.cc(128)] CreateTextureFromFile(uri='emerencyjug.png', filename='C:\Users\CHADWI~1\AppData\Local\Temp\65086ca1-1f77-49c5-824b-d7c0f71e2132.png')
[0213/160111:INFO:image_utils.cc(849)] Bitmap Found a PNG file : C:\Users\CHADWI~1\AppData\Local\Temp\65086ca1-1f77-49c5-824b-d7c0f71e2132.png
[0213/160111:INFO:pack.cc(128)] CreateTextureFromFile(uri='ladder.png', filename='C:\Users\CHADWI~1\AppData\Local\Temp\43d0b8fe-d94a-4db5-b6f3-5a5c466d6031.png')
[0213/160111:INFO:image_utils.cc(849)] Bitmap Found a PNG file : C:\Users\CHADWI~1\AppData\Local\Temp\43d0b8fe-d94a-4db5-b6f3-5a5c466d6031.png
[0213/160111:INFO:pack.cc(128)] CreateTextureFromFile(uri='long_skiff.png', filename='C:\Users\CHADWI~1\AppData\Local\Temp\86a7130b-e430-49cb-b0c6-e388050fb5ea.png')
[0213/160111:INFO:image_utils.cc(849)] Bitmap Found a PNG file : C:\Users\CHADWI~1\AppData\Local\Temp\86a7130b-e430-49cb-b0c6-e388050fb5ea.png
[0213/160111:INFO:pack.cc(128)] CreateTextureFromFile(uri='oldmercmotor.png', filename='C:\Users\CHADWI~1\AppData\Local\Temp\3a33d61f-c21d-4fc8-aa46-c508e9ff5723.png')
[0213/160111:INFO:image_utils.cc(849)] Bitmap Found a PNG file : C:\Users\CHADWI~1\AppData\Local\Temp\3a33d61f-c21d-4fc8-aa46-c508e9ff5723.png
[0214/164230:INFO:collada.cc(302)] Loading Collada model "/DriftTrawler.dae" from zip file "C:\Development\adlnet.GitHub.com\3D-Repository\VwarWeb\App_Data\viewerTemp\751b6e5a041b6885e288f8a089035d5ed702bd5e59.zip"
[0214/164230:INFO:pack.cc(128)] CreateTextureFromFile(uri='dtsul.png', filename='C:\Windows\TEMP\7f44f498-8c9c-4634-b4d8-12074ca494fa.png')
[0214/164230:INFO:image_utils.cc(849)] Bitmap Found a PNG file : C:\Windows\TEMP\7f44f498-8c9c-4634-b4d8-12074ca494fa.png
[0214/164230:INFO:pack.cc(128)] CreateTextureFromFile(uri='dtsuldeck.png', filename='C:\Windows\TEMP\5cead8bb-caa2-4948-b32c-ebc07af35fa9.png')
[0214/164230:INFO:image_utils.cc(849)] Bitmap Found a PNG file : C:\Windows\TEMP\5cead8bb-caa2-4948-b32c-ebc07af35fa9.png
[0214/164230:INFO:pack.cc(128)] CreateTextureFromFile(uri='driftrail.png', filename='C:\Windows\TEMP\ee326601-2ae6-49c4-ac24-c3a73ba6e5b8.png')
[0214/164230:INFO:image_utils.cc(849)] Bitmap Found a PNG file : C:\Windows\TEMP\ee326601-2ae6-49c4-ac24-c3a73ba6e5b8.png
[0214/164230:INFO:pack.cc(128)] CreateTextureFromFile(uri='driftboat.png', filename='C:\Windows\TEMP\933e9c87-5c30-4d03-8d56-4118c666341a.png')
[0214/164230:INFO:image_utils.cc(849)] Bitmap Found a PNG file : C:\Windows\TEMP\933e9c87-5c30-4d03-8d56-4118c666341a.png
[0214/164230:INFO:pack.cc(128)] CreateTextureFromFile(uri='dtprop.png', filename='C:\Windows\TEMP\48e17778-6524-4996-95c9-7d5beec4a670.png')
[0214/164230:INFO:image_utils.cc(849)] Bitmap Found a PNG file : C:\Windows\TEMP\48e17778-6524-4996-95c9-7d5beec4a670.png
[0216/115141:INFO:collada.cc(302)] Loading Collada model "/steel_Trawler.dae" from zip file "C:\Development\adlnet.GitHub.com\3D-Repository\VwarWeb\App_Data\viewerTemp\2e349d1e0a1f8296d20da1cf8b1511d06bf3874a30.zip"
[0216/115141:INFO:pack.cc(128)] CreateTextureFromFile(uri='steeltrawler.png', filename='C:\Windows\TEMP\587eeba6-058b-4f5a-a885-bc6aee8b776d.png')
[0216/115141:INFO:image_utils.cc(849)] Bitmap Found a PNG file : C:\Windows\TEMP\587eeba6-058b-4f5a-a885-bc6aee8b776d.png
[0216/115142:INFO:pack.cc(128)] CreateTextureFromFile(uri='stprop.png', filename='C:\Windows\TEMP\c79a6fc9-8b79-4dff-8736-41eca6456b94.png')
[0216/115142:INFO:image_utils.cc(849)] Bitmap Found a PNG file : C:\Windows\TEMP\c79a6fc9-8b79-4dff-8736-41eca6456b94.png
[0221/152546:INFO:collada.cc(302)] Loading Collada model "/TunaBoat.dae" from zip file "C:\Development\adlnet.GitHub.com\3D-Repository\VwarWeb\App_Data\viewerTemp\67544e38d6da06a4c72de8ad62097991ee392ef832.zip"
[0221/152546:INFO:pack.cc(128)] CreateTextureFromFile(uri='tunaboat .png', filename='C:\Users\CHADWI~1\AppData\Local\Temp\83a715ae-70c6-41d3-9bce-fb13c4e9fbb5.png')
[0221/152546:INFO:image_utils.cc(849)] Bitmap Found a PNG file : C:\Users\CHADWI~1\AppData\Local\Temp\83a715ae-70c6-41d3-9bce-fb13c4e9fbb5.png
[0221/152546:INFO:pack.cc(128)] CreateTextureFromFile(uri='tunadeck.png', filename='C:\Users\CHADWI~1\AppData\Local\Temp\309e4aa8-7afe-4f8d-94ba-afc2b4434a9b.png')
[0221/152546:INFO:image_utils.cc(849)] Bitmap Found a PNG file : C:\Users\CHADWI~1\AppData\Local\Temp\309e4aa8-7afe-4f8d-94ba-afc2b4434a9b.png
[0221/152714:INFO:collada.cc(302)] Loading Collada model "/TunaBoat.dae" from zip file "C:\Development\adlnet.GitHub.com\3D-Repository\VwarWeb\App_Data\viewerTemp\67544e38d6da06a4c72de8ad62097991ee392ef868.zip"
[0221/152715:INFO:pack.cc(128)] CreateTextureFromFile(uri='tunaboat .png', filename='C:\Users\CHADWI~1\AppData\Local\Temp\e35456eb-ef0b-454d-abd3-dfac4c7f32de.png')
[0221/152715:INFO:image_utils.cc(849)] Bitmap Found a PNG file : C:\Users\CHADWI~1\AppData\Local\Temp\e35456eb-ef0b-454d-abd3-dfac4c7f32de.png
[0221/152715:INFO:pack.cc(128)] CreateTextureFromFile(uri='tunadeck.png', filename='C:\Users\CHADWI~1\AppData\Local\Temp\81818f0d-2be4-4db9-939f-8ede8b63bbf0.png')
[0221/152715:INFO:image_utils.cc(849)] Bitmap Found a PNG file : C:\Users\CHADWI~1\AppData\Local\Temp\81818f0d-2be4-4db9-939f-8ede8b63bbf0.png
[0221/153210:INFO:collada.cc(302)] Loading Collada model "/TunaBoat.dae" from zip file "C:\Development\adlnet.GitHub.com\3D-Repository\VwarWeb\App_Data\viewerTemp\67544e38d6da06a4c72de8ad62097991ee392ef824.zip"
[0221/153210:INFO:pack.cc(128)] CreateTextureFromFile(uri='tunaboat .png', filename='C:\Users\CHADWI~1\AppData\Local\Temp\a4f7d4b3-b2eb-42a9-9380-258f2cfd1f55.png')
[0221/153210:INFO:image_utils.cc(849)] Bitmap Found a PNG file : C:\Users\CHADWI~1\AppData\Local\Temp\a4f7d4b3-b2eb-42a9-9380-258f2cfd1f55.png
[0221/153210:INFO:pack.cc(128)] CreateTextureFromFile(uri='tunadeck.png', filename='C:\Users\CHADWI~1\AppData\Local\Temp\2f6f5539-57ef-4a14-838c-f12a7f69de37.png')
[0221/153210:INFO:image_utils.cc(849)] Bitmap Found a PNG file : C:\Users\CHADWI~1\AppData\Local\Temp\2f6f5539-57ef-4a14-838c-f12a7f69de37.png
[0221/153758:INFO:collada.cc(302)] Loading Collada model "/TunaBoat.dae" from zip file "C:\Development\adlnet.GitHub.com\3D-Repository\VwarWeb\App_Data\viewerTemp\67544e38d6da06a4c72de8ad62097991ee392ef882.zip"
[0221/153758:INFO:pack.cc(128)] CreateTextureFromFile(uri='tunaboat .png', filename='C:\Users\CHADWI~1\AppData\Local\Temp\d05ee599-a05b-4f7b-a77d-4334301719b6.png')
[0221/153758:INFO:image_utils.cc(849)] Bitmap Found a PNG file : C:\Users\CHADWI~1\AppData\Local\Temp\d05ee599-a05b-4f7b-a77d-4334301719b6.png
[0221/153758:INFO:pack.cc(128)] CreateTextureFromFile(uri='tunadeck.png', filename='C:\Users\CHADWI~1\AppData\Local\Temp\3e3cb6cf-e8eb-4e14-9414-34fbd8a73501.png')
[0221/153758:INFO:image_utils.cc(849)] Bitmap Found a PNG file : C:\Users\CHADWI~1\AppData\Local\Temp\3e3cb6cf-e8eb-4e14-9414-34fbd8a73501.png
[0221/153903:INFO:collada.cc(302)] Loading Collada model "/TunaBoat.dae" from zip file "C:\Development\adlnet.GitHub.com\3D-Repository\VwarWeb\App_Data\viewerTemp\67544e38d6da06a4c72de8ad62097991ee392ef883.zip"
[0221/153903:INFO:pack.cc(128)] CreateTextureFromFile(uri='tunaboat .png', filename='C:\Users\CHADWI~1\AppData\Local\Temp\ce2dc520-4d7a-4126-a2ea-d299c895ede6.png')
[0221/153903:INFO:image_utils.cc(849)] Bitmap Found a PNG file : C:\Users\CHADWI~1\AppData\Local\Temp\ce2dc520-4d7a-4126-a2ea-d299c895ede6.png
[0221/153903:INFO:pack.cc(128)] CreateTextureFromFile(uri='tunadeck.png', filename='C:\Users\CHADWI~1\AppData\Local\Temp\853656e0-0e6e-451b-9f8b-cd07f2b87eb1.png')
[0221/153903:INFO:image_utils.cc(849)] Bitmap Found a PNG file : C:\Users\CHADWI~1\AppData\Local\Temp\853656e0-0e6e-451b-9f8b-cd07f2b87eb1.png
[0221/154113:INFO:collada.cc(302)] Loading Collada model "/TunaBoat.dae" from zip file "C:\Development\adlnet.GitHub.com\3D-Repository\VwarWeb\App_Data\viewerTemp\67544e38d6da06a4c72de8ad62097991ee392ef828.zip"
[0221/154113:INFO:pack.cc(128)] CreateTextureFromFile(uri='tunaboat .png', filename='C:\Users\CHADWI~1\AppData\Local\Temp\8fd03dfb-d835-4f18-86b6-51f8d5bb75a2.png')
[0221/154113:INFO:image_utils.cc(849)] Bitmap Found a PNG file : C:\Users\CHADWI~1\AppData\Local\Temp\8fd03dfb-d835-4f18-86b6-51f8d5bb75a2.png
[0221/154113:INFO:pack.cc(128)] CreateTextureFromFile(uri='tunadeck.png', filename='C:\Users\CHADWI~1\AppData\Local\Temp\9a68a415-aec3-4ee1-8b36-61cca84cecb4.png')
[0221/154113:INFO:image_utils.cc(849)] Bitmap Found a PNG file : C:\Users\CHADWI~1\AppData\Local\Temp\9a68a415-aec3-4ee1-8b36-61cca84cecb4.png
[0221/154456:INFO:collada.cc(302)] Loading Collada model "/TunaBoat.dae" from zip file "C:\Development\adlnet.GitHub.com\3D-Repository\VwarWeb\App_Data\viewerTemp\67544e38d6da06a4c72de8ad62097991ee392ef80.zip"
[0221/154456:INFO:pack.cc(128)] CreateTextureFromFile(uri='tunaboat .png', filename='C:\Users\CHADWI~1\AppData\Local\Temp\d3581cb6-49e1-4e81-983d-323afde129b0.png')
[0221/154456:INFO:image_utils.cc(849)] Bitmap Found a PNG file : C:\Users\CHADWI~1\AppData\Local\Temp\d3581cb6-49e1-4e81-983d-323afde129b0.png
[0221/154456:INFO:pack.cc(128)] CreateTextureFromFile(uri='tunadeck.png', filename='C:\Users\CHADWI~1\AppData\Local\Temp\85ffad3a-9e6a-42a5-846d-619a1a30fc18.png')
[0221/154456:INFO:image_utils.cc(849)] Bitmap Found a PNG file : C:\Users\CHADWI~1\AppData\Local\Temp\85ffad3a-9e6a-42a5-846d-619a1a30fc18.png
[0221/155752:INFO:collada.cc(302)] Loading Collada model "/NetTrawler.dae" from zip file "C:\Development\adlnet.GitHub.com\3D-Repository\VwarWeb\App_Data\viewerTemp\69339879b877207f5d183699456bd50243deaeb895.zip"
[0221/155752:INFO:pack.cc(128)] CreateTextureFromFile(uri='nettrawler.png', filename='C:\Users\CHADWI~1\AppData\Local\Temp\c2e35bc2-26bc-440a-bb2e-3e31335872c6.png')
[0221/155752:INFO:image_utils.cc(849)] Bitmap Found a PNG file : C:\Users\CHADWI~1\AppData\Local\Temp\c2e35bc2-26bc-440a-bb2e-3e31335872c6.png
[0221/155752:INFO:pack.cc(128)] CreateTextureFromFile(uri='ladder.png', filename='C:\Users\CHADWI~1\AppData\Local\Temp\b1b4c582-37be-4e63-8b2c-1c93b31e18fc.png')
[0221/155752:INFO:image_utils.cc(849)] Bitmap Found a PNG file : C:\Users\CHADWI~1\AppData\Local\Temp\b1b4c582-37be-4e63-8b2c-1c93b31e18fc.png
[0221/155752:INFO:pack.cc(128)] CreateTextureFromFile(uri='nettrawler_extras.png', filename='C:\Users\CHADWI~1\AppData\Local\Temp\9a7e590b-d0c9-4c34-a9b0-054b3e82dfc0.png')
[0221/155752:INFO:image_utils.cc(849)] Bitmap Found a PNG file : C:\Users\CHADWI~1\AppData\Local\Temp\9a7e590b-d0c9-4c34-a9b0-054b3e82dfc0.png
[0221/160115:INFO:collada.cc(302)] Loading Collada model "/TunaBoat.dae" from zip file "C:\Development\adlnet.GitHub.com\3D-Repository\VwarWeb\App_Data\viewerTemp\67544e38d6da06a4c72de8ad62097991ee392ef874.zip"
[0221/160115:INFO:pack.cc(128)] CreateTextureFromFile(uri='tunaboat .png', filename='C:\Users\CHADWI~1\AppData\Local\Temp\d2ab44df-3535-41f2-8051-219a946ebef9.png')
[0221/160115:INFO:image_utils.cc(849)] Bitmap Found a PNG file : C:\Users\CHADWI~1\AppData\Local\Temp\d2ab44df-3535-41f2-8051-219a946ebef9.png
[0221/160115:INFO:pack.cc(128)] CreateTextureFromFile(uri='tunadeck.png', filename='C:\Users\CHADWI~1\AppData\Local\Temp\12859451-01b0-4f89-9fd6-0f6474009f67.png')
[0221/160115:INFO:image_utils.cc(849)] Bitmap Found a PNG file : C:\Users\CHADWI~1\AppData\Local\Temp\12859451-01b0-4f89-9fd6-0f6474009f67.png
[0221/160806:INFO:collada.cc(302)] Loading Collada model "/TunaBoat.dae" from zip file "C:\Development\adlnet.GitHub.com\3D-Repository\VwarWeb\App_Data\viewerTemp\67544e38d6da06a4c72de8ad62097991ee392ef884.zip"
[0221/160806:INFO:pack.cc(128)] CreateTextureFromFile(uri='tunaboat .png', filename='C:\Users\CHADWI~1\AppData\Local\Temp\b753a407-e7eb-4fe7-a684-8cd4a7835a22.png')
[0221/160806:INFO:image_utils.cc(849)] Bitmap Found a PNG file : C:\Users\CHADWI~1\AppData\Local\Temp\b753a407-e7eb-4fe7-a684-8cd4a7835a22.png
[0221/160806:INFO:pack.cc(128)] CreateTextureFromFile(uri='tunadeck.png', filename='C:\Users\CHADWI~1\AppData\Local\Temp\f2d8fa7c-5d17-4d3d-988a-2e4609ccefb6.png')
[0221/160806:INFO:image_utils.cc(849)] Bitmap Found a PNG file : C:\Users\CHADWI~1\AppData\Local\Temp\f2d8fa7c-5d17-4d3d-988a-2e4609ccefb6.png
[0222/113745:INFO:collada.cc(302)] Loading Collada model "/Aqua.dae" from zip file "C:\Development\adlnet.GitHub.com\3D-Repository\VwarWeb\App_Data\viewerTemp\b47636a3f014d5060c549cd8301e404bb34efeaa60.zip"
[0222/114449:INFO:collada.cc(302)] Loading Collada model "/Aqua.dae" from zip file "C:\Development\adlnet.GitHub.com\3D-Repository\VwarWeb\App_Data\viewerTemp\b47636a3f014d5060c549cd8301e404bb34efeaa92.zip"
[0222/114552:INFO:collada.cc(302)] Loading Collada model "/Aqua.dae" from zip file "C:\Development\adlnet.GitHub.com\3D-Repository\VwarWeb\App_Data\viewerTemp\b47636a3f014d5060c549cd8301e404bb34efeaa11.zip"
[0222/115529:INFO:collada.cc(302)] Loading Collada model "/Aqua.dae" from zip file "C:\Development\adlnet.GitHub.com\3D-Repository\VwarWeb\App_Data\viewerTemp\b47636a3f014d5060c549cd8301e404bb34efeaa78.zip"
[0222/120011:INFO:collada.cc(302)] Loading Collada model "/Aqua.dae" from zip file "C:\Development\adlnet.GitHub.com\3D-Repository\VwarWeb\App_Data\viewerTemp\b47636a3f014d5060c549cd8301e404bb34efeaa29.zip"
[0222/120240:INFO:collada.cc(302)] Loading Collada model "/Aqua.dae" from zip file "C:\Development\adlnet.GitHub.com\3D-Repository\VwarWeb\App_Data\viewerTemp\b47636a3f014d5060c549cd8301e404bb34efeaa96.zip"
[0222/120736:INFO:collada.cc(302)] Loading Collada model "/Lamp02.dae" from zip file "C:\Development\adlnet.GitHub.com\3D-Repository\VwarWeb\App_Data\viewerTemp\91169f6745fd17248c178c2cbac166e2813c973439.zip"
[0222/120736:INFO:pack.cc(128)] CreateTextureFromFile(uri='vase.png', filename='C:\Windows\TEMP\a8cf3ebb-4079-4f1d-87ec-e06fe40feac7.png')
[0222/120736:INFO:image_utils.cc(849)] Bitmap Found a PNG file : C:\Windows\TEMP\a8cf3ebb-4079-4f1d-87ec-e06fe40feac7.png
[0222/120736:INFO:pack.cc(128)] CreateTextureFromFile(uri='teak_aruba.png', filename='C:\Windows\TEMP\8e302a2b-c194-47cc-8df2-4c77bafb4534.png')
[0222/120736:INFO:image_utils.cc(849)] Bitmap Found a PNG file : C:\Windows\TEMP\8e302a2b-c194-47cc-8df2-4c77bafb4534.png
[0222/120756:INFO:collada.cc(302)] Loading Collada model "/Lamp02.dae" from zip file "C:\Development\adlnet.GitHub.com\3D-Repository\VwarWeb\App_Data\viewerTemp\91169f6745fd17248c178c2cbac166e2813c97342.zip"
[0222/120756:INFO:pack.cc(128)] CreateTextureFromFile(uri='vase.png', filename='C:\Windows\TEMP\1aa63913-d2fd-4928-809e-947c9a2d6662.png')
[0222/120756:INFO:image_utils.cc(849)] Bitmap Found a PNG file : C:\Windows\TEMP\1aa63913-d2fd-4928-809e-947c9a2d6662.png
[0222/120756:INFO:pack.cc(128)] CreateTextureFromFile(uri='teak_aruba.png', filename='C:\Windows\TEMP\731a5624-1d1b-47a9-8a24-dc812c10bef4.png')
[0222/120756:INFO:image_utils.cc(849)] Bitmap Found a PNG file : C:\Windows\TEMP\731a5624-1d1b-47a9-8a24-dc812c10bef4.png
[0222/121029:INFO:collada.cc(302)] Loading Collada model "/Lamp02.dae" from zip file "C:\Development\adlnet.GitHub.com\3D-Repository\VwarWeb\App_Data\viewerTemp\91169f6745fd17248c178c2cbac166e2813c973482.zip"
[0222/121029:INFO:pack.cc(128)] CreateTextureFromFile(uri='vase.png', filename='C:\Windows\TEMP\f4549f6a-57cc-4e46-99dc-b700018ea91b.png')
[0222/121029:INFO:image_utils.cc(849)] Bitmap Found a PNG file : C:\Windows\TEMP\f4549f6a-57cc-4e46-99dc-b700018ea91b.png
[0222/121029:INFO:pack.cc(128)] CreateTextureFromFile(uri='teak_aruba.png', filename='C:\Windows\TEMP\4d0c86e0-6ddd-47af-b5d4-d12db1950164.png')
[0222/121029:INFO:image_utils.cc(849)] Bitmap Found a PNG file : C:\Windows\TEMP\4d0c86e0-6ddd-47af-b5d4-d12db1950164.png
[0222/122118:INFO:collada.cc(302)] Loading Collada model "/Aqua.dae" from zip file "C:\Development\adlnet.GitHub.com\3D-Repository\VwarWeb\App_Data\viewerTemp\b47636a3f014d5060c549cd8301e404bb34efeaa72.zip"
[0222/122359:INFO:collada.cc(302)] Loading Collada model "/Aqua.dae" from zip file "C:\Development\adlnet.GitHub.com\3D-Repository\VwarWeb\App_Data\viewerTemp\b47636a3f014d5060c549cd8301e404bb34efeaa35.zip"
[0222/123921:INFO:collada.cc(302)] Loading Collada model "/Aqua.dae" from zip file "C:\Development\adlnet.GitHub.com\3D-Repository\VwarWeb\App_Data\viewerTemp\b47636a3f014d5060c549cd8301e404bb34efeaa35.zip"
[0222/124653:INFO:collada.cc(302)] Loading Collada model "/Aqua.dae" from zip file "C:\Development\adlnet.GitHub.com\3D-Repository\VwarWeb\App_Data\viewerTemp\b47636a3f014d5060c549cd8301e404bb34efeaa56.zip"
[0222/124746:INFO:collada.cc(302)] Loading Collada model "/Aqua.dae" from zip file "C:\Development\adlnet.GitHub.com\3D-Repository\VwarWeb\App_Data\viewerTemp\b47636a3f014d5060c549cd8301e404bb34efeaa45.zip"
[0222/124930:INFO:collada.cc(302)] Loading Collada model "/Aqua.dae" from zip file "C:\Development\adlnet.GitHub.com\3D-Repository\VwarWeb\App_Data\viewerTemp\b47636a3f014d5060c549cd8301e404bb34efeaa12.zip"
[0222/125336:INFO:collada.cc(302)] Loading Collada model "/Aqua.dae" from zip file "C:\Development\adlnet.GitHub.com\3D-Repository\VwarWeb\App_Data\viewerTemp\b47636a3f014d5060c549cd8301e404bb34efeaa99.zip"
[0222/125510:INFO:collada.cc(302)] Loading Collada model "/Aqua.dae" from zip file "C:\Development\adlnet.GitHub.com\3D-Repository\VwarWeb\App_Data\viewerTemp\b47636a3f014d5060c549cd8301e404bb34efeaa47.zip"
[0222/125623:INFO:collada.cc(302)] Loading Collada model "/Aqua.dae" from zip file "C:\Development\adlnet.GitHub.com\3D-Repository\VwarWeb\App_Data\viewerTemp\b47636a3f014d5060c549cd8301e404bb34efeaa55.zip"
[0222/125735:INFO:collada.cc(302)] Loading Collada model "/Aqua.dae" from zip file "C:\Development\adlnet.GitHub.com\3D-Repository\VwarWeb\App_Data\viewerTemp\b47636a3f014d5060c549cd8301e404bb34efeaa61.zip"
[0222/125853:INFO:collada.cc(302)] Loading Collada model "/Aqua.dae" from zip file "C:\Development\adlnet.GitHub.com\3D-Repository\VwarWeb\App_Data\viewerTemp\b47636a3f014d5060c549cd8301e404bb34efeaa69.zip"
[0222/130055:INFO:collada.cc(302)] Loading Collada model "/Aqua.dae" from zip file "C:\Development\adlnet.GitHub.com\3D-Repository\VwarWeb\App_Data\viewerTemp\b47636a3f014d5060c549cd8301e404bb34efeaa77.zip"
[0222/130617:INFO:collada.cc(302)] Loading Collada model "/Aqua.dae" from zip file "C:\Development\adlnet.GitHub.com\3D-Repository\VwarWeb\App_Data\viewerTemp\b47636a3f014d5060c549cd8301e404bb34efeaa72.zip"
[0222/130751:INFO:collada.cc(302)] Loading Collada model "/Aqua.dae" from zip file "C:\Development\adlnet.GitHub.com\3D-Repository\VwarWeb\App_Data\viewerTemp\b47636a3f014d5060c549cd8301e404bb34efeaa46.zip"
[0222/130855:INFO:collada.cc(302)] Loading Collada model "/GRACE_v011.dae" from zip file "C:\Development\adlnet.GitHub.com\3D-Repository\VwarWeb\App_Data\viewerTemp\2d2bcdeb5a2c4af06a5b0d87e5d592a64f59d63e79.zip"
[0222/130855:INFO:pack.cc(128)] CreateTextureFromFile(uri='grace_texture.png', filename='C:\Users\CHADWI~1\AppData\Local\Temp\487e6742-4a75-4b8e-ae1b-78af4ad161b4.png')
[0222/130855:INFO:image_utils.cc(849)] Bitmap Found a PNG file : C:\Users\CHADWI~1\AppData\Local\Temp\487e6742-4a75-4b8e-ae1b-78af4ad161b4.png
[0222/130950:INFO:collada.cc(302)] Loading Collada model "/galileo.dae" from zip file "C:\Development\adlnet.GitHub.com\3D-Repository\VwarWeb\App_Data\viewerTemp\84634cb5cf4894aefb4b9f5d808b640b0d544ff548.zip"
[0222/131035:INFO:collada.cc(302)] Loading Collada model "/Aqua.dae" from zip file "C:\Development\adlnet.GitHub.com\3D-Repository\VwarWeb\App_Data\viewerTemp\b47636a3f014d5060c549cd8301e404bb34efeaa17.zip"
[0222/131210:INFO:collada.cc(302)] Loading Collada model "/Aqua.dae" from zip file "C:\Development\adlnet.GitHub.com\3D-Repository\VwarWeb\App_Data\viewerTemp\b47636a3f014d5060c549cd8301e404bb34efeaa10.zip"
[0222/131433:INFO:collada.cc(302)] Loading Collada model "/Aqua.dae" from zip file "C:\Development\adlnet.GitHub.com\3D-Repository\VwarWeb\App_Data\viewerTemp\b47636a3f014d5060c549cd8301e404bb34efeaa25.zip"
[0224/112933:INFO:collada.cc(302)] Loading Collada model "/Aqua.dae" from zip file "C:\Development\adlnet.GitHub.com\3D-Repository\VwarWeb\App_Data\viewerTemp\b47636a3f014d5060c549cd8301e404bb34efeaa50.zip"
[0224/113158:INFO:collada.cc(302)] Loading Collada model "/70m_rev_e.dae" from zip file "C:\Development\adlnet.GitHub.com\3D-Repository\VwarWeb\App_Data\viewerTemp\f91b82b80e737b3b135b691f936654ceb1af824a34.zip"
[0224/113158:INFO:pack.cc(128)] CreateTextureFromFile(uri='antenna.png', filename='C:\Users\CHADWI~1\AppData\Local\Temp\69b5c835-30d5-4e95-9da8-f9f061403a60.png')
[0224/113158:INFO:image_utils.cc(849)] Bitmap Found a PNG file : C:\Users\CHADWI~1\AppData\Local\Temp\69b5c835-30d5-4e95-9da8-f9f061403a60.png
[0224/113409:INFO:collada.cc(302)] Loading Collada model "/bench.dae" from zip file "C:\Development\adlnet.GitHub.com\3D-Repository\VwarWeb\App_Data\viewerTemp\3ab54b3244817b579ef4ca1c170b89556edd13b381.zip"
[0224/113409:INFO:pack.cc(128)] CreateTextureFromFile(uri='bus_bench_01.png', filename='C:\Windows\TEMP\ffdf89e1-4282-4796-9687-379a7527bf2c.png')
[0224/113409:INFO:image_utils.cc(849)] Bitmap Found a PNG file : C:\Windows\TEMP\ffdf89e1-4282-4796-9687-379a7527bf2c.png
[0224/113702:INFO:collada.cc(302)] Loading Collada model "/crewlockbag1.dae" from zip file "C:\Development\adlnet.GitHub.com\3D-Repository\VwarWeb\App_Data\viewerTemp\af981edebdc60511824efd424d5832a587d4052e11.zip"
[0224/113702:INFO:pack.cc(128)] CreateTextureFromFile(uri='crwlckbg.png', filename='C:\Windows\TEMP\94e7cb22-71a2-421a-b038-827725aa904a.png')
[0224/113702:INFO:image_utils.cc(849)] Bitmap Found a PNG file : C:\Windows\TEMP\94e7cb22-71a2-421a-b038-827725aa904a.png
[0224/113755:INFO:collada.cc(302)] Loading Collada model "/70m_rev_e.dae" from zip file "C:\Development\adlnet.GitHub.com\3D-Repository\VwarWeb\App_Data\viewerTemp\f91b82b80e737b3b135b691f936654ceb1af824a12.zip"
[0224/113755:INFO:pack.cc(128)] CreateTextureFromFile(uri='antenna.png', filename='C:\Windows\TEMP\825cfc96-9e40-4822-a06d-298e0232025a.png')
[0224/113755:INFO:image_utils.cc(849)] Bitmap Found a PNG file : C:\Windows\TEMP\825cfc96-9e40-4822-a06d-298e0232025a.png
[0224/113834:INFO:collada.cc(302)] Loading Collada model "/70m_rev_e.dae" from zip file "C:\Development\adlnet.GitHub.com\3D-Repository\VwarWeb\App_Data\viewerTemp\f91b82b80e737b3b135b691f936654ceb1af824a1.zip"
[0224/113834:INFO:pack.cc(128)] CreateTextureFromFile(uri='antenna.png', filename='C:\Windows\TEMP\47e553a8-67f1-4b41-b913-0d48542af484.png')
[0224/113834:INFO:image_utils.cc(849)] Bitmap Found a PNG file : C:\Windows\TEMP\47e553a8-67f1-4b41-b913-0d48542af484.png
[0224/113852:INFO:collada.cc(302)] Loading Collada model "/Aqua.dae" from zip file "C:\Development\adlnet.GitHub.com\3D-Repository\VwarWeb\App_Data\viewerTemp\b47636a3f014d5060c549cd8301e404bb34efeaa32.zip"
[0224/114208:INFO:collada.cc(302)] Loading Collada model "/Aqua.dae" from zip file "C:\Development\adlnet.GitHub.com\3D-Repository\VwarWeb\App_Data\viewerTemp\b47636a3f014d5060c549cd8301e404bb34efeaa51.zip"
[0224/114310:INFO:collada.cc(302)] Loading Collada model "/Aqua.dae" from zip file "C:\Development\adlnet.GitHub.com\3D-Repository\VwarWeb\App_Data\viewerTemp\b47636a3f014d5060c549cd8301e404bb34efeaa77.zip"
[0224/114651:INFO:collada.cc(302)] Loading Collada model "/70m_rev_e.dae" from zip file "C:\Development\adlnet.GitHub.com\3D-Repository\VwarWeb\App_Data\viewerTemp\f91b82b80e737b3b135b691f936654ceb1af824a43.zip"
[0224/114651:INFO:pack.cc(128)] CreateTextureFromFile(uri='antenna.png', filename='C:\Windows\TEMP\8a5d72a6-1e25-4bf7-abc3-c91a48b05916.png')
[0224/114651:INFO:image_utils.cc(849)] Bitmap Found a PNG file : C:\Windows\TEMP\8a5d72a6-1e25-4bf7-abc3-c91a48b05916.png
[0224/114717:INFO:collada.cc(302)] Loading Collada model "/70m_rev_e.dae" from zip file "C:\Development\adlnet.GitHub.com\3D-Repository\VwarWeb\App_Data\viewerTemp\f91b82b80e737b3b135b691f936654ceb1af824a4.zip"
[0224/114717:INFO:pack.cc(128)] CreateTextureFromFile(uri='antenna.png', filename='C:\Windows\TEMP\ef80ad41-7db9-4f89-8ee2-509bbb1a97c6.png')
[0224/114717:INFO:image_utils.cc(849)] Bitmap Found a PNG file : C:\Windows\TEMP\ef80ad41-7db9-4f89-8ee2-509bbb1a97c6.png
[0224/114738:INFO:collada.cc(302)] Loading Collada model "/70m_rev_e.dae" from zip file "C:\Development\adlnet.GitHub.com\3D-Repository\VwarWeb\App_Data\viewerTemp\f91b82b80e737b3b135b691f936654ceb1af824a93.zip"
[0224/114738:INFO:pack.cc(128)] CreateTextureFromFile(uri='antenna.png', filename='C:\Windows\TEMP\babbb279-b4cf-40a3-8432-05218cbd6281.png')
[0224/114738:INFO:image_utils.cc(849)] Bitmap Found a PNG file : C:\Windows\TEMP\babbb279-b4cf-40a3-8432-05218cbd6281.png
[0227/095926:INFO:collada.cc(302)] Loading Collada model "/70m_rev_e.dae" from zip file "C:\Development\adlnet.GitHub.com\3D-Repository\VwarWeb\App_Data\viewerTemp\f91b82b80e737b3b135b691f936654ceb1af824a27.zip"
[0227/095927:INFO:pack.cc(128)] CreateTextureFromFile(uri='antenna.png', filename='C:\Windows\TEMP\e67f4021-5b18-4c20-ae95-480b9d6e7f2f.png')
[0227/095927:INFO:image_utils.cc(849)] Bitmap Found a PNG file : C:\Windows\TEMP\e67f4021-5b18-4c20-ae95-480b9d6e7f2f.png
[0405/160018:INFO:collada.cc(302)] Loading Collada model "/TunaBoat.dae" from zip file "C:\Development\ied.GitHub.com\3D-Repository\3D-Repository\VwarWeb\App_Data\viewerTemp\67544e38d6da06a4c72de8ad62097991ee392ef89.zip"
[0405/160018:INFO:pack.cc(128)] CreateTextureFromFile(uri='tunaboat .png', filename='C:\Users\CHADWI~1\AppData\Local\Temp\c33fe9df-d016-4097-bb47-c7f987123a13.png')
[0405/160018:INFO:image_utils.cc(849)] Bitmap Found a PNG file : C:\Users\CHADWI~1\AppData\Local\Temp\c33fe9df-d016-4097-bb47-c7f987123a13.png
[0405/160018:INFO:pack.cc(128)] CreateTextureFromFile(uri='tunadeck.png', filename='C:\Users\CHADWI~1\AppData\Local\Temp\0ef7b4de-0d1d-4d87-8fa8-88a582feac40.png')
[0405/160018:INFO:image_utils.cc(849)] Bitmap Found a PNG file : C:\Users\CHADWI~1\AppData\Local\Temp\0ef7b4de-0d1d-4d87-8fa8-88a582feac40.png
[0405/163132:INFO:collada.cc(302)] Loading Collada model "/skiffs.dae" from zip file "C:\Development\ied.GitHub.com\3D-Repository\3D-Repository\VwarWeb\App_Data\viewerTemp\2c12da990e61b2203f511f816c2bcde893ddd72673.zip"
[0405/163132:INFO:pack.cc(128)] CreateTextureFromFile(uri='24ft_skiff.png', filename='C:\Users\CHADWI~1\AppData\Local\Temp\a1165eaa-e3ce-4a02-927a-bc54f5eb79b0.png')
[0405/163132:INFO:image_utils.cc(849)] Bitmap Found a PNG file : C:\Users\CHADWI~1\AppData\Local\Temp\a1165eaa-e3ce-4a02-927a-bc54f5eb79b0.png
[0405/163132:INFO:pack.cc(128)] CreateTextureFromFile(uri='outboard.png', filename='C:\Users\CHADWI~1\AppData\Local\Temp\5a8e09be-a06b-470f-8f9a-b7fa1066a48b.png')
[0405/163132:INFO:image_utils.cc(849)] Bitmap Found a PNG file : C:\Users\CHADWI~1\AppData\Local\Temp\5a8e09be-a06b-470f-8f9a-b7fa1066a48b.png
[0405/163132:INFO:pack.cc(128)] CreateTextureFromFile(uri='emerencyjug.png', filename='C:\Users\CHADWI~1\AppData\Local\Temp\533b37f6-e482-483a-b736-f759db9b6de0.png')
[0405/163132:INFO:image_utils.cc(849)] Bitmap Found a PNG file : C:\Users\CHADWI~1\AppData\Local\Temp\533b37f6-e482-483a-b736-f759db9b6de0.png
[0405/163132:INFO:pack.cc(128)] CreateTextureFromFile(uri='ladder.png', filename='C:\Users\CHADWI~1\AppData\Local\Temp\66238493-1234-4a35-b545-77d2ce54d2b0.png')
[0405/163132:INFO:image_utils.cc(849)] Bitmap Found a PNG file : C:\Users\CHADWI~1\AppData\Local\Temp\66238493-1234-4a35-b545-77d2ce54d2b0.png
[0405/163132:INFO:pack.cc(128)] CreateTextureFromFile(uri='long_skiff.png', filename='C:\Users\CHADWI~1\AppData\Local\Temp\c8fecaff-7e55-471c-8c62-161862754cff.png')
[0405/163132:INFO:image_utils.cc(849)] Bitmap Found a PNG file : C:\Users\CHADWI~1\AppData\Local\Temp\c8fecaff-7e55-471c-8c62-161862754cff.png
[0405/163132:INFO:pack.cc(128)] CreateTextureFromFile(uri='oldmercmotor.png', filename='C:\Users\CHADWI~1\AppData\Local\Temp\4a4377de-4796-4f84-afa4-b370226d7617.png')
[0405/163132:INFO:image_utils.cc(849)] Bitmap Found a PNG file : C:\Users\CHADWI~1\AppData\Local\Temp\4a4377de-4796-4f84-afa4-b370226d7617.png
[0405/163820:INFO:collada.cc(302)] Loading Collada model "/TunaBoat.dae" from zip file "C:\Development\ied.GitHub.com\3D-Repository\3D-Repository\VwarWeb\App_Data\viewerTemp\67544e38d6da06a4c72de8ad62097991ee392ef853.zip"
[0405/163820:INFO:pack.cc(128)] CreateTextureFromFile(uri='tunaboat .png', filename='C:\Users\CHADWI~1\AppData\Local\Temp\846a07b8-09df-451e-9318-f5ba369e6401.png')
[0405/163820:INFO:image_utils.cc(849)] Bitmap Found a PNG file : C:\Users\CHADWI~1\AppData\Local\Temp\846a07b8-09df-451e-9318-f5ba369e6401.png
[0405/163820:INFO:pack.cc(128)] CreateTextureFromFile(uri='tunadeck.png', filename='C:\Users\CHADWI~1\AppData\Local\Temp\c4551acd-7298-4c8b-9e4a-ccd1a70c01e8.png')
[0405/163820:INFO:image_utils.cc(849)] Bitmap Found a PNG file : C:\Users\CHADWI~1\AppData\Local\Temp\c4551acd-7298-4c8b-9e4a-ccd1a70c01e8.png
[0405/165931:INFO:collada.cc(302)] Loading Collada model "/NetTrawler.dae" from zip file "C:\Development\ied.GitHub.com\3D-Repository\3D-Repository\VwarWeb\App_Data\viewerTemp\69339879b877207f5d183699456bd50243deaeb861.zip"
[0405/165931:INFO:pack.cc(128)] CreateTextureFromFile(uri='nettrawler.png', filename='C:\Users\CHADWI~1\AppData\Local\Temp\577a8251-f646-4ed6-9a1f-0c499c408c9e.png')
[0405/165931:INFO:image_utils.cc(849)] Bitmap Found a PNG file : C:\Users\CHADWI~1\AppData\Local\Temp\577a8251-f646-4ed6-9a1f-0c499c408c9e.png
[0405/165931:INFO:pack.cc(128)] CreateTextureFromFile(uri='ladder.png', filename='C:\Users\CHADWI~1\AppData\Local\Temp\8c031a3f-bdcf-45d2-acf2-2e3269e9ba15.png')
[0405/165931:INFO:image_utils.cc(849)] Bitmap Found a PNG file : C:\Users\CHADWI~1\AppData\Local\Temp\8c031a3f-bdcf-45d2-acf2-2e3269e9ba15.png
[0405/165931:INFO:pack.cc(128)] CreateTextureFromFile(uri='nettrawler_extras.png', filename='C:\Users\CHADWI~1\AppData\Local\Temp\11ee5e2d-783a-41d3-82b9-e1bb412ecced.png')
[0405/165931:INFO:image_utils.cc(849)] Bitmap Found a PNG file : C:\Users\CHADWI~1\AppData\Local\Temp\11ee5e2d-783a-41d3-82b9-e1bb412ecced.png
[0409/130925:INFO:collada.cc(302)] Loading Collada model "/CONFIDENTIAL_iED_LVM_CRAB_attack_baked.dae" from zip file "C:\Development\ied.GitHub.com\3D-Repository\3D-Repository\VwarWeb\App_Data\viewerTemp\f3583d648ccad5394ce5c9790f88c64da96ddb1f95.zip"
[0409/131125:INFO:collada.cc(302)] Loading Collada model "/CONFIDENTIAL_iED_LVM_CRAB_attack_baked.dae" from zip file "C:\Development\ied.GitHub.com\3D-Repository\3D-Repository\VwarWeb\App_Data\viewerTemp\f3583d648ccad5394ce5c9790f88c64da96ddb1f20.zip"
[0411/114157:INFO:collada.cc(302)] Loading Collada model "/skiffs.dae" from zip file "C:\Development\ied.GitHub.com\3D-Repository\3D-Repository\VwarWeb\App_Data\viewerTemp\2c12da990e61b2203f511f816c2bcde893ddd72695.zip"
[0411/114157:INFO:pack.cc(128)] CreateTextureFromFile(uri='24ft_skiff.png', filename='C:\Users\CHADWI~1\AppData\Local\Temp\7b7337e9-35cd-4da0-bcbd-5e3ba21cf4ef.png')
[0411/114157:INFO:image_utils.cc(849)] Bitmap Found a PNG file : C:\Users\CHADWI~1\AppData\Local\Temp\7b7337e9-35cd-4da0-bcbd-5e3ba21cf4ef.png
[0411/114157:INFO:pack.cc(128)] CreateTextureFromFile(uri='outboard.png', filename='C:\Users\CHADWI~1\AppData\Local\Temp\92e04ed3-df80-440b-a80d-1830c17274ea.png')
[0411/114157:INFO:image_utils.cc(849)] Bitmap Found a PNG file : C:\Users\CHADWI~1\AppData\Local\Temp\92e04ed3-df80-440b-a80d-1830c17274ea.png
[0411/114157:INFO:pack.cc(128)] CreateTextureFromFile(uri='emerencyjug.png', filename='C:\Users\CHADWI~1\AppData\Local\Temp\3d4720d7-e509-4583-8331-030edd2d9c07.png')
[0411/114157:INFO:image_utils.cc(849)] Bitmap Found a PNG file : C:\Users\CHADWI~1\AppData\Local\Temp\3d4720d7-e509-4583-8331-030edd2d9c07.png
[0411/114157:INFO:pack.cc(128)] CreateTextureFromFile(uri='ladder.png', filename='C:\Users\CHADWI~1\AppData\Local\Temp\73700ac7-be5c-4814-9c9f-39a581ee7764.png')
[0411/114157:INFO:image_utils.cc(849)] Bitmap Found a PNG file : C:\Users\CHADWI~1\AppData\Local\Temp\73700ac7-be5c-4814-9c9f-39a581ee7764.png
[0411/114157:INFO:pack.cc(128)] CreateTextureFromFile(uri='long_skiff.png', filename='C:\Users\CHADWI~1\AppData\Local\Temp\4808e0e9-2121-4609-82b9-257e1450eadd.png')
[0411/114157:INFO:image_utils.cc(849)] Bitmap Found a PNG file : C:\Users\CHADWI~1\AppData\Local\Temp\4808e0e9-2121-4609-82b9-257e1450eadd.png
[0411/114157:INFO:pack.cc(128)] CreateTextureFromFile(uri='oldmercmotor.png', filename='C:\Users\CHADWI~1\AppData\Local\Temp\896338e0-5121-4490-ad5e-5ef701529ced.png')
[0411/114157:INFO:image_utils.cc(849)] Bitmap Found a PNG file : C:\Users\CHADWI~1\AppData\Local\Temp\896338e0-5121-4490-ad5e-5ef701529ced.png
[0411/114328:INFO:collada.cc(302)] Loading Collada model "/skiffs.dae" from zip file "C:\Development\ied.GitHub.com\3D-Repository\3D-Repository\VwarWeb\App_Data\viewerTemp\2c12da990e61b2203f511f816c2bcde893ddd72690.zip"
[0411/114328:INFO:pack.cc(128)] CreateTextureFromFile(uri='24ft__0.png', filename='C:\Users\CHADWI~1\AppData\Local\Temp\aa4d364d-91b6-4872-8941-bbc282f3c73a.png')
[0411/114328:INFO:image_utils.cc(849)] Bitmap Found a PNG file : C:\Users\CHADWI~1\AppData\Local\Temp\aa4d364d-91b6-4872-8941-bbc282f3c73a.png
[0411/114328:INFO:pack.cc(128)] CreateTextureFromFile(uri='outboard.png', filename='C:\Users\CHADWI~1\AppData\Local\Temp\ef2c9291-454a-48cd-a69c-3581298db117.png')
[0411/114328:INFO:image_utils.cc(849)] Bitmap Found a PNG file : C:\Users\CHADWI~1\AppData\Local\Temp\ef2c9291-454a-48cd-a69c-3581298db117.png
[0411/114328:INFO:pack.cc(128)] CreateTextureFromFile(uri='emere_2.png', filename='C:\Users\CHADWI~1\AppData\Local\Temp\fc03ecbc-2962-4249-8f6d-ac3a9c22124d.png')
[0411/114328:INFO:image_utils.cc(849)] Bitmap Found a PNG file : C:\Users\CHADWI~1\AppData\Local\Temp\fc03ecbc-2962-4249-8f6d-ac3a9c22124d.png
[0411/114328:INFO:pack.cc(128)] CreateTextureFromFile(uri='ladder.png', filename='C:\Users\CHADWI~1\AppData\Local\Temp\0d9f3962-a971-4abf-a536-062ca3a92eaa.png')
[0411/114328:INFO:image_utils.cc(849)] Bitmap Found a PNG file : C:\Users\CHADWI~1\AppData\Local\Temp\0d9f3962-a971-4abf-a536-062ca3a92eaa.png
[0411/114328:INFO:pack.cc(128)] CreateTextureFromFile(uri='long__4.png', filename='C:\Users\CHADWI~1\AppData\Local\Temp\40140ffa-17bb-4bba-8058-94ee31d02d44.png')
[0411/114328:INFO:image_utils.cc(849)] Bitmap Found a PNG file : C:\Users\CHADWI~1\AppData\Local\Temp\40140ffa-17bb-4bba-8058-94ee31d02d44.png
[0411/114328:INFO:pack.cc(128)] CreateTextureFromFile(uri='oldme_5.png', filename='C:\Users\CHADWI~1\AppData\Local\Temp\21922141-9561-4e68-ab39-bd4d062dd4ad.png')
[0411/114328:INFO:image_utils.cc(849)] Bitmap Found a PNG file : C:\Users\CHADWI~1\AppData\Local\Temp\21922141-9561-4e68-ab39-bd4d062dd4ad.png
[0411/115122:INFO:collada.cc(302)] Loading Collada model "/TunaBoat.dae" from zip file "C:\Development\ied.GitHub.com\3D-Repository\3D-Repository\VwarWeb\App_Data\viewerTemp\67544e38d6da06a4c72de8ad62097991ee392ef819.zip"
[0411/115122:INFO:pack.cc(128)] CreateTextureFromFile(uri='tunab_0.png', filename='C:\Users\CHADWI~1\AppData\Local\Temp\04eb142f-24a8-472b-88ed-af9c902e3bee.png')
[0411/115122:INFO:image_utils.cc(849)] Bitmap Found a PNG file : C:\Users\CHADWI~1\AppData\Local\Temp\04eb142f-24a8-472b-88ed-af9c902e3bee.png
[0411/115122:INFO:pack.cc(128)] CreateTextureFromFile(uri='tunadeck.png', filename='C:\Users\CHADWI~1\AppData\Local\Temp\41658aac-a996-42b6-a75a-f01aeaa74627.png')
[0411/115122:INFO:image_utils.cc(849)] Bitmap Found a PNG file : C:\Users\CHADWI~1\AppData\Local\Temp\41658aac-a996-42b6-a75a-f01aeaa74627.png
[0411/115938:INFO:collada.cc(302)] Loading Collada model "/skiffs.dae" from zip file "C:\Development\ied.GitHub.com\3D-Repository\3D-Repository\VwarWeb\App_Data\viewerTemp\2c12da990e61b2203f511f816c2bcde893ddd72682.zip"
[0411/115938:INFO:pack.cc(128)] CreateTextureFromFile(uri='24ft_skiff.png', filename='C:\Users\CHADWI~1\AppData\Local\Temp\5a56014b-0b59-49bb-aecc-509fda92f0f5.png')
[0411/115938:INFO:image_utils.cc(849)] Bitmap Found a PNG file : C:\Users\CHADWI~1\AppData\Local\Temp\5a56014b-0b59-49bb-aecc-509fda92f0f5.png
[0411/115938:INFO:pack.cc(128)] CreateTextureFromFile(uri='outboard.png', filename='C:\Users\CHADWI~1\AppData\Local\Temp\1d22197e-9850-43d9-ac2d-967cbe5896f5.png')
[0411/115938:INFO:image_utils.cc(849)] Bitmap Found a PNG file : C:\Users\CHADWI~1\AppData\Local\Temp\1d22197e-9850-43d9-ac2d-967cbe5896f5.png
[0411/115938:INFO:pack.cc(128)] CreateTextureFromFile(uri='emerencyjug.png', filename='C:\Users\CHADWI~1\AppData\Local\Temp\97e660db-4b2e-416f-a4e5-d09e3de8125d.png')
[0411/115938:INFO:image_utils.cc(849)] Bitmap Found a PNG file : C:\Users\CHADWI~1\AppData\Local\Temp\97e660db-4b2e-416f-a4e5-d09e3de8125d.png
[0411/115938:INFO:pack.cc(128)] CreateTextureFromFile(uri='ladder.png', filename='C:\Users\CHADWI~1\AppData\Local\Temp\2c021083-110a-4e2b-9230-03fbd7ba9041.png')
[0411/115938:INFO:image_utils.cc(849)] Bitmap Found a PNG file : C:\Users\CHADWI~1\AppData\Local\Temp\2c021083-110a-4e2b-9230-03fbd7ba9041.png
[0411/115938:INFO:pack.cc(128)] CreateTextureFromFile(uri='long_skiff.png', filename='C:\Users\CHADWI~1\AppData\Local\Temp\3add34e3-f479-4dac-a1de-003abd82935d.png')
[0411/115938:INFO:image_utils.cc(849)] Bitmap Found a PNG file : C:\Users\CHADWI~1\AppData\Local\Temp\3add34e3-f479-4dac-a1de-003abd82935d.png
[0411/115938:INFO:pack.cc(128)] CreateTextureFromFile(uri='oldmercmotor.png', filename='C:\Users\CHADWI~1\AppData\Local\Temp\aefb108a-9930-4eb0-ac78-10cc46f0ec3e.png')
[0411/115938:INFO:image_utils.cc(849)] Bitmap Found a PNG file : C:\Users\CHADWI~1\AppData\Local\Temp\aefb108a-9930-4eb0-ac78-10cc46f0ec3e.png
[0501/160154:INFO:collada.cc(302)] Loading Collada model "/Earth_iED_METADATA_EXAMPLE.dae" from zip file "C:\Development\ied.GitHub.com\3D-Repository\3D-Repository\VwarWeb\App_Data\viewerTemp\cddf5e274f2d6a94f786a974811a0aaa68c4eccb87.zip"
[0501/160154:INFO:pack.cc(128)] CreateTextureFromFile(uri='texture.png', filename='C:\Users\CHADWI~1\AppData\Local\Temp\11cd4cc0-9864-4fff-915a-4a01a54d906a.png')
[0501/160154:INFO:image_utils.cc(849)] Bitmap Found a PNG file : C:\Users\CHADWI~1\AppData\Local\Temp\11cd4cc0-9864-4fff-915a-4a01a54d906a.png
[0501/160309:INFO:collada.cc(302)] Loading Collada model "/Earth_iED_METADATA_EXAMPLE.dae" from zip file "C:\Development\ied.GitHub.com\3D-Repository\3D-Repository\VwarWeb\App_Data\viewerTemp\cddf5e274f2d6a94f786a974811a0aaa68c4eccb35.zip"
[0501/160309:INFO:pack.cc(128)] CreateTextureFromFile(uri='texture.png', filename='C:\Users\CHADWI~1\AppData\Local\Temp\7392c4c7-a7bf-4867-b378-54ff829a9d42.png')
[0501/160309:INFO:image_utils.cc(849)] Bitmap Found a PNG file : C:\Users\CHADWI~1\AppData\Local\Temp\7392c4c7-a7bf-4867-b378-54ff829a9d42.png
[0501/160531:INFO:collada.cc(302)] Loading Collada model "/Earth_iED_METADATA_EXAMPLE.dae" from zip file "C:\Development\ied.GitHub.com\3D-Repository\3D-Repository\VwarWeb\App_Data\viewerTemp\cddf5e274f2d6a94f786a974811a0aaa68c4eccb75.zip"
[0501/160531:INFO:pack.cc(128)] CreateTextureFromFile(uri='texture.png', filename='C:\Users\CHADWI~1\AppData\Local\Temp\33fdac01-d238-4190-a1cd-0d45a0eba08e.png')
[0501/160531:INFO:image_utils.cc(849)] Bitmap Found a PNG file : C:\Users\CHADWI~1\AppData\Local\Temp\33fdac01-d238-4190-a1cd-0d45a0eba08e.png
[0501/160821:INFO:collada.cc(302)] Loading Collada model "/Earth_iED_METADATA_EXAMPLE.dae" from zip file "C:\Development\ied.GitHub.com\3D-Repository\3D-Repository\VwarWeb\App_Data\viewerTemp\cddf5e274f2d6a94f786a974811a0aaa68c4eccb0.zip"
[0501/160821:INFO:pack.cc(128)] CreateTextureFromFile(uri='texture.png', filename='C:\Users\CHADWI~1\AppData\Local\Temp\9329514a-5876-42e8-8eb2-d768cad797ea.png')
[0501/160821:INFO:image_utils.cc(849)] Bitmap Found a PNG file : C:\Users\CHADWI~1\AppData\Local\Temp\9329514a-5876-42e8-8eb2-d768cad797ea.png
[0501/162353:INFO:collada.cc(302)] Loading Collada model "/Earth_iED_METADATA_EXAMPLE.dae" from zip file "C:\Development\ied.GitHub.com\3D-Repository\3D-Repository\VwarWeb\App_Data\viewerTemp\cddf5e274f2d6a94f786a974811a0aaa68c4eccb86.zip"
[0501/162353:INFO:pack.cc(128)] CreateTextureFromFile(uri='texture.png', filename='C:\Users\CHADWI~1\AppData\Local\Temp\c82b11f6-c179-40e1-b2f5-f67f8dad0ad5.png')
[0501/162353:INFO:image_utils.cc(849)] Bitmap Found a PNG file : C:\Users\CHADWI~1\AppData\Local\Temp\c82b11f6-c179-40e1-b2f5-f67f8dad0ad5.png
[0501/163150:INFO:collada.cc(302)] Loading Collada model "/Earth_iED_METADATA_EXAMPLE.dae" from zip file "C:\Development\ied.GitHub.com\3D-Repository\3D-Repository\VwarWeb\App_Data\viewerTemp\cddf5e274f2d6a94f786a974811a0aaa68c4eccb62.zip"
[0501/163150:INFO:pack.cc(128)] CreateTextureFromFile(uri='texture.png', filename='C:\Users\CHADWI~1\AppData\Local\Temp\50a327a3-c2fd-48b7-a357-24042ea61d8e.png')
[0501/163150:INFO:image_utils.cc(849)] Bitmap Found a PNG file : C:\Users\CHADWI~1\AppData\Local\Temp\50a327a3-c2fd-48b7-a357-24042ea61d8e.png
[0501/163208:INFO:collada.cc(302)] Loading Collada model "/Earth_iED_METADATA_EXAMPLE.dae" from zip file "C:\Development\ied.GitHub.com\3D-Repository\3D-Repository\VwarWeb\App_Data\viewerTemp\cddf5e274f2d6a94f786a974811a0aaa68c4eccb43.zip"
[0501/163208:INFO:pack.cc(128)] CreateTextureFromFile(uri='texture.png', filename='C:\Users\CHADWI~1\AppData\Local\Temp\f07f19d1-cbc5-4288-a9ab-83f1215ffe79.png')
[0501/163208:INFO:image_utils.cc(849)] Bitmap Found a PNG file : C:\Users\CHADWI~1\AppData\Local\Temp\f07f19d1-cbc5-4288-a9ab-83f1215ffe79.png
[0501/163218:INFO:collada.cc(302)] Loading Collada model "/Earth_iED_METADATA_EXAMPLE.dae" from zip file "C:\Development\ied.GitHub.com\3D-Repository\3D-Repository\VwarWeb\App_Data\viewerTemp\cddf5e274f2d6a94f786a974811a0aaa68c4eccb32.zip"
[0501/163218:INFO:pack.cc(128)] CreateTextureFromFile(uri='texture.png', filename='C:\Users\CHADWI~1\AppData\Local\Temp\0655c94b-1e2c-4d1f-b915-e4d31fe7a77d.png')
[0501/163218:INFO:image_utils.cc(849)] Bitmap Found a PNG file : C:\Users\CHADWI~1\AppData\Local\Temp\0655c94b-1e2c-4d1f-b915-e4d31fe7a77d.png
[0501/163445:INFO:collada.cc(302)] Loading Collada model "/Earth_iED_METADATA_EXAMPLE.dae" from zip file "C:\Development\ied.GitHub.com\3D-Repository\3D-Repository\VwarWeb\App_Data\viewerTemp\cddf5e274f2d6a94f786a974811a0aaa68c4eccb17.zip"
[0501/163445:INFO:pack.cc(128)] CreateTextureFromFile(uri='texture.png', filename='C:\Users\CHADWI~1\AppData\Local\Temp\1c960b94-1f14-4f14-9f7e-01c97a184f81.png')
[0501/163445:INFO:image_utils.cc(849)] Bitmap Found a PNG file : C:\Users\CHADWI~1\AppData\Local\Temp\1c960b94-1f14-4f14-9f7e-01c97a184f81.png
[0501/163553:INFO:collada.cc(302)] Loading Collada model "/Earth_iED_METADATA_EXAMPLE.dae" from zip file "C:\Development\ied.GitHub.com\3D-Repository\3D-Repository\VwarWeb\App_Data\viewerTemp\cddf5e274f2d6a94f786a974811a0aaa68c4eccb51.zip"
[0501/163553:INFO:pack.cc(128)] CreateTextureFromFile(uri='texture.png', filename='C:\Users\CHADWI~1\AppData\Local\Temp\b66e470b-e410-4251-b574-d03f54db7255.png')
[0501/163553:INFO:image_utils.cc(849)] Bitmap Found a PNG file : C:\Users\CHADWI~1\AppData\Local\Temp\b66e470b-e410-4251-b574-d03f54db7255.png
[0501/164102:INFO:collada.cc(302)] Loading Collada model "/Earth_iED_METADATA_EXAMPLE.dae" from zip file "C:\Development\ied.GitHub.com\3D-Repository\3D-Repository\VwarWeb\App_Data\viewerTemp\cddf5e274f2d6a94f786a974811a0aaa68c4eccb79.zip"
[0501/164102:INFO:pack.cc(128)] CreateTextureFromFile(uri='texture.png', filename='C:\Users\CHADWI~1\AppData\Local\Temp\5940d532-6d6c-4b36-9b46-7a03e8e0186c.png')
[0501/164102:INFO:image_utils.cc(849)] Bitmap Found a PNG file : C:\Users\CHADWI~1\AppData\Local\Temp\5940d532-6d6c-4b36-9b46-7a03e8e0186c.png
[0501/164128:INFO:collada.cc(302)] Loading Collada model "/Earth_iED_METADATA_EXAMPLE.dae" from zip file "C:\Development\ied.GitHub.com\3D-Repository\3D-Repository\VwarWeb\App_Data\viewerTemp\cddf5e274f2d6a94f786a974811a0aaa68c4eccb96.zip"
[0501/164128:INFO:pack.cc(128)] CreateTextureFromFile(uri='texture.png', filename='C:\Users\CHADWI~1\AppData\Local\Temp\f20da48b-3905-4f9b-8051-2015eec18d29.png')
[0501/164128:INFO:image_utils.cc(849)] Bitmap Found a PNG file : C:\Users\CHADWI~1\AppData\Local\Temp\f20da48b-3905-4f9b-8051-2015eec18d29.png
[0501/164234:INFO:collada.cc(302)] Loading Collada model "/Earth_iED_METADATA_EXAMPLE.dae" from zip file "C:\Development\ied.GitHub.com\3D-Repository\3D-Repository\VwarWeb\App_Data\viewerTemp\cddf5e274f2d6a94f786a974811a0aaa68c4eccb84.zip"
[0501/164234:INFO:pack.cc(128)] CreateTextureFromFile(uri='texture.png', filename='C:\Users\CHADWI~1\AppData\Local\Temp\a9d15ac1-dcb0-4c5c-a459-4a10acdbef9f.png')
[0501/164234:INFO:image_utils.cc(849)] Bitmap Found a PNG file : C:\Users\CHADWI~1\AppData\Local\Temp\a9d15ac1-dcb0-4c5c-a459-4a10acdbef9f.png
[0501/164435:INFO:collada.cc(302)] Loading Collada model "/Earth_iED_METADATA_EXAMPLE.dae" from zip file "C:\Development\ied.GitHub.com\3D-Repository\3D-Repository\VwarWeb\App_Data\viewerTemp\cddf5e274f2d6a94f786a974811a0aaa68c4eccb91.zip"
[0501/164435:INFO:pack.cc(128)] CreateTextureFromFile(uri='texture.png', filename='C:\Users\CHADWI~1\AppData\Local\Temp\024e4e7c-a2d9-4e7a-bd21-e8e78ae7e0d9.png')
[0501/164435:INFO:image_utils.cc(849)] Bitmap Found a PNG file : C:\Users\CHADWI~1\AppData\Local\Temp\024e4e7c-a2d9-4e7a-bd21-e8e78ae7e0d9.png
[0501/165004:INFO:collada.cc(302)] Loading Collada model "/Earth_iED_METADATA_EXAMPLE.dae" from zip file "C:\Development\ied.GitHub.com\3D-Repository\3D-Repository\VwarWeb\App_Data\viewerTemp\cddf5e274f2d6a94f786a974811a0aaa68c4eccb75.zip"
[0501/165004:INFO:pack.cc(128)] CreateTextureFromFile(uri='texture.png', filename='C:\Users\CHADWI~1\AppData\Local\Temp\b74e4176-f146-4f35-b5e3-5ce79e14bc57.png')
[0501/165004:INFO:image_utils.cc(849)] Bitmap Found a PNG file : C:\Users\CHADWI~1\AppData\Local\Temp\b74e4176-f146-4f35-b5e3-5ce79e14bc57.png
[0501/165059:INFO:collada.cc(302)] Loading Collada model "/Earth_iED_METADATA_EXAMPLE.dae" from zip file "C:\Development\ied.GitHub.com\3D-Repository\3D-Repository\VwarWeb\App_Data\viewerTemp\cddf5e274f2d6a94f786a974811a0aaa68c4eccb68.zip"
[0501/165059:INFO:pack.cc(128)] CreateTextureFromFile(uri='texture.png', filename='C:\Users\CHADWI~1\AppData\Local\Temp\de075d6d-e9c4-4a99-b0c4-2f229aff95b6.png')
[0501/165059:INFO:image_utils.cc(849)] Bitmap Found a PNG file : C:\Users\CHADWI~1\AppData\Local\Temp\de075d6d-e9c4-4a99-b0c4-2f229aff95b6.png
[0501/165158:INFO:collada.cc(302)] Loading Collada model "/Earth_iED_METADATA_EXAMPLE.dae" from zip file "C:\Development\ied.GitHub.com\3D-Repository\3D-Repository\VwarWeb\App_Data\viewerTemp\cddf5e274f2d6a94f786a974811a0aaa68c4eccb71.zip"
[0501/165158:INFO:pack.cc(128)] CreateTextureFromFile(uri='texture.png', filename='C:\Users\CHADWI~1\AppData\Local\Temp\7b9686ec-1ce1-4e74-a9ce-cf809b9e45f2.png')
[0501/165158:INFO:image_utils.cc(849)] Bitmap Found a PNG file : C:\Users\CHADWI~1\AppData\Local\Temp\7b9686ec-1ce1-4e74-a9ce-cf809b9e45f2.png
[0501/165341:INFO:collada.cc(302)] Loading Collada model "/Earth_iED_METADATA_EXAMPLE.dae" from zip file "C:\Development\ied.GitHub.com\3D-Repository\3D-Repository\VwarWeb\App_Data\viewerTemp\cddf5e274f2d6a94f786a974811a0aaa68c4eccb87.zip"
[0501/165341:INFO:pack.cc(128)] CreateTextureFromFile(uri='texture.png', filename='C:\Users\CHADWI~1\AppData\Local\Temp\f730a953-baaa-443f-a82c-b4c0e16bd541.png')
[0501/165341:INFO:image_utils.cc(849)] Bitmap Found a PNG file : C:\Users\CHADWI~1\AppData\Local\Temp\f730a953-baaa-443f-a82c-b4c0e16bd541.png
[0501/165955:INFO:collada.cc(302)] Loading Collada model "/Earth_iED_METADATA_EXAMPLE.dae" from zip file "C:\Development\ied.GitHub.com\3D-Repository\3D-Repository\VwarWeb\App_Data\viewerTemp\cddf5e274f2d6a94f786a974811a0aaa68c4eccb73.zip"
[0501/165955:INFO:pack.cc(128)] CreateTextureFromFile(uri='texture.png', filename='C:\Users\CHADWI~1\AppData\Local\Temp\49032f1d-e02c-4341-879f-69085e29f9e1.png')
[0501/165955:INFO:image_utils.cc(849)] Bitmap Found a PNG file : C:\Users\CHADWI~1\AppData\Local\Temp\49032f1d-e02c-4341-879f-69085e29f9e1.png
[0507/133331:INFO:collada.cc(302)] Loading Collada model "/Earth_iED_METADATA_EXAMPLE.dae" from zip file "C:\Development\ied.GitHub.com\3D-Repository\3D-Repository\VwarWeb\App_Data\viewerTemp\d4a3158e1b310e6420e011e0c1ac433e1cc27b8d12.zip"
[0507/133331:INFO:pack.cc(128)] CreateTextureFromFile(uri='texture.png', filename='C:\Users\CHADWI~1\AppData\Local\Temp\f508076c-2990-4fe5-9e60-925af0a91bb6.png')
[0507/133331:INFO:image_utils.cc(849)] Bitmap Found a PNG file : C:\Users\CHADWI~1\AppData\Local\Temp\f508076c-2990-4fe5-9e60-925af0a91bb6.png
[0507/133412:INFO:collada.cc(302)] Loading Collada model "/Earth_iED_METADATA_EXAMPLE.dae" from zip file "C:\Development\ied.GitHub.com\3D-Repository\3D-Repository\VwarWeb\App_Data\viewerTemp\cddf5e274f2d6a94f786a974811a0aaa68c4eccb74.zip"
[0507/133412:INFO:pack.cc(128)] CreateTextureFromFile(uri='texture.png', filename='C:\Users\CHADWI~1\AppData\Local\Temp\6b70315e-4524-4735-8fdd-62269eb913c7.png')
[0507/133412:INFO:image_utils.cc(849)] Bitmap Found a PNG file : C:\Users\CHADWI~1\AppData\Local\Temp\6b70315e-4524-4735-8fdd-62269eb913c7.png
[0507/133518:INFO:collada.cc(302)] Loading Collada model "/Earth_iED_METADATA_EXAMPLE.dae" from zip file "C:\Development\ied.GitHub.com\3D-Repository\3D-Repository\VwarWeb\App_Data\viewerTemp\d4a3158e1b310e6420e011e0c1ac433e1cc27b8d10.zip"
[0507/133518:INFO:pack.cc(128)] CreateTextureFromFile(uri='texture.png', filename='C:\Users\CHADWI~1\AppData\Local\Temp\9a77639f-1000-425e-a89d-ec02689b1bf6.png')
[0507/133518:INFO:image_utils.cc(849)] Bitmap Found a PNG file : C:\Users\CHADWI~1\AppData\Local\Temp\9a77639f-1000-425e-a89d-ec02689b1bf6.png
[0507/133646:INFO:collada.cc(302)] Loading Collada model "/Earth_iED_METADATA_EXAMPLE.dae" from zip file "C:\Development\ied.GitHub.com\3D-Repository\3D-Repository\VwarWeb\App_Data\viewerTemp\d4a3158e1b310e6420e011e0c1ac433e1cc27b8d80.zip"
[0507/133646:INFO:pack.cc(128)] CreateTextureFromFile(uri='texture.png', filename='C:\Users\CHADWI~1\AppData\Local\Temp\33afc4cc-16ad-437e-8288-ba4eb3dc31c6.png')
[0507/133646:INFO:image_utils.cc(849)] Bitmap Found a PNG file : C:\Users\CHADWI~1\AppData\Local\Temp\33afc4cc-16ad-437e-8288-ba4eb3dc31c6.png
[0507/133738:INFO:collada.cc(302)] Loading Collada model "/Earth_iED_METADATA_EXAMPLE.dae" from zip file "C:\Development\ied.GitHub.com\3D-Repository\3D-Repository\VwarWeb\App_Data\viewerTemp\d4a3158e1b310e6420e011e0c1ac433e1cc27b8d30.zip"
[0507/133738:INFO:pack.cc(128)] CreateTextureFromFile(uri='texture.png', filename='C:\Users\CHADWI~1\AppData\Local\Temp\d951993f-4325-4ed0-a920-34c4c434d3f3.png')
[0507/133738:INFO:image_utils.cc(849)] Bitmap Found a PNG file : C:\Users\CHADWI~1\AppData\Local\Temp\d951993f-4325-4ed0-a920-34c4c434d3f3.png
[0507/133859:INFO:collada.cc(302)] Loading Collada model "/Earth_iED_METADATA_EXAMPLE.dae" from zip file "C:\Development\ied.GitHub.com\3D-Repository\3D-Repository\VwarWeb\App_Data\viewerTemp\cddf5e274f2d6a94f786a974811a0aaa68c4eccb61.zip"
[0507/133859:INFO:pack.cc(128)] CreateTextureFromFile(uri='texture.png', filename='C:\Users\CHADWI~1\AppData\Local\Temp\9c411961-099d-4a4a-b689-fd098991daea.png')
[0507/133859:INFO:image_utils.cc(849)] Bitmap Found a PNG file : C:\Users\CHADWI~1\AppData\Local\Temp\9c411961-099d-4a4a-b689-fd098991daea.png
[0507/133924:INFO:collada.cc(302)] Loading Collada model "/Earth_iED_METADATA_EXAMPLE.dae" from zip file "C:\Development\ied.GitHub.com\3D-Repository\3D-Repository\VwarWeb\App_Data\viewerTemp\d4a3158e1b310e6420e011e0c1ac433e1cc27b8d24.zip"
[0507/133924:INFO:pack.cc(128)] CreateTextureFromFile(uri='texture.png', filename='C:\Users\CHADWI~1\AppData\Local\Temp\fe91d642-a330-4fb7-835a-f8c4613d72c4.png')
[0507/133924:INFO:image_utils.cc(849)] Bitmap Found a PNG file : C:\Users\CHADWI~1\AppData\Local\Temp\fe91d642-a330-4fb7-835a-f8c4613d72c4.png
[0507/134332:INFO:collada.cc(302)] Loading Collada model "/Earth_iED_METADATA_EXAMPLE.dae" from zip file "C:\Development\ied.GitHub.com\3D-Repository\3D-Repository\VwarWeb\App_Data\viewerTemp\7426d538bf7025f0c73ee162be245203de65235185.zip"
[0507/134332:INFO:pack.cc(128)] CreateTextureFromFile(uri='texture.png', filename='C:\Users\CHADWI~1\AppData\Local\Temp\ef905c90-e8c6-4f70-96ed-aa68b8843fb2.png')
[0507/134332:INFO:image_utils.cc(849)] Bitmap Found a PNG file : C:\Users\CHADWI~1\AppData\Local\Temp\ef905c90-e8c6-4f70-96ed-aa68b8843fb2.png
[0507/134412:INFO:collada.cc(302)] Loading Collada model "/Earth_iED_METADATA_EXAMPLE.dae" from zip file "C:\Development\ied.GitHub.com\3D-Repository\3D-Repository\VwarWeb\App_Data\viewerTemp\7426d538bf7025f0c73ee162be245203de65235123.zip"
[0507/134412:INFO:pack.cc(128)] CreateTextureFromFile(uri='texture.png', filename='C:\Users\CHADWI~1\AppData\Local\Temp\5c5d13b7-a5e9-4d29-bb55-715d402e6299.png')
[0507/134412:INFO:image_utils.cc(849)] Bitmap Found a PNG file : C:\Users\CHADWI~1\AppData\Local\Temp\5c5d13b7-a5e9-4d29-bb55-715d402e6299.png
[0507/134505:INFO:collada.cc(302)] Loading Collada model "/Earth_iED_METADATA_EXAMPLE.dae" from zip file "C:\Development\ied.GitHub.com\3D-Repository\3D-Repository\VwarWeb\App_Data\viewerTemp\7426d538bf7025f0c73ee162be245203de65235188.zip"
[0507/134505:INFO:pack.cc(128)] CreateTextureFromFile(uri='texture.png', filename='C:\Users\CHADWI~1\AppData\Local\Temp\57ee2f62-aae8-4ee1-a3cc-e31c526adeaa.png')
[0507/134505:INFO:image_utils.cc(849)] Bitmap Found a PNG file : C:\Users\CHADWI~1\AppData\Local\Temp\57ee2f62-aae8-4ee1-a3cc-e31c526adeaa.png
[0507/134533:INFO:collada.cc(302)] Loading Collada model "/Earth_iED_METADATA_EXAMPLE.dae" from zip file "C:\Development\ied.GitHub.com\3D-Repository\3D-Repository\VwarWeb\App_Data\viewerTemp\7426d538bf7025f0c73ee162be245203de65235140.zip"
[0507/134533:INFO:pack.cc(128)] CreateTextureFromFile(uri='texture.png', filename='C:\Users\CHADWI~1\AppData\Local\Temp\e928ffa2-3e41-43b5-9530-c8b8206d4fed.png')
[0507/134533:INFO:image_utils.cc(849)] Bitmap Found a PNG file : C:\Users\CHADWI~1\AppData\Local\Temp\e928ffa2-3e41-43b5-9530-c8b8206d4fed.png
[0507/134732:INFO:collada.cc(302)] Loading Collada model "/Earth_iED_METADATA_EXAMPLE.dae" from zip file "C:\Development\ied.GitHub.com\3D-Repository\3D-Repository\VwarWeb\App_Data\viewerTemp\7426d538bf7025f0c73ee162be245203de65235180.zip"
[0507/134732:INFO:pack.cc(128)] CreateTextureFromFile(uri='texture.png', filename='C:\Users\CHADWI~1\AppData\Local\Temp\f859400f-af50-424c-aa2b-112078aef084.png')
[0507/134732:INFO:image_utils.cc(849)] Bitmap Found a PNG file : C:\Users\CHADWI~1\AppData\Local\Temp\f859400f-af50-424c-aa2b-112078aef084.png
[0507/134834:INFO:collada.cc(302)] Loading Collada model "/Earth_iED_METADATA_EXAMPLE.dae" from zip file "C:\Development\ied.GitHub.com\3D-Repository\3D-Repository\VwarWeb\App_Data\viewerTemp\7426d538bf7025f0c73ee162be245203de65235170.zip"
[0507/134834:INFO:pack.cc(128)] CreateTextureFromFile(uri='texture.png', filename='C:\Users\CHADWI~1\AppData\Local\Temp\97b44d71-d7f1-44e6-bc4c-463bb8434ab1.png')
[0507/134834:INFO:image_utils.cc(849)] Bitmap Found a PNG file : C:\Users\CHADWI~1\AppData\Local\Temp\97b44d71-d7f1-44e6-bc4c-463bb8434ab1.png
[0507/135713:INFO:collada.cc(302)] Loading Collada model "/Earth_iED_METADATA_EXAMPLE.dae" from zip file "C:\Development\ied.GitHub.com\3D-Repository\3D-Repository\VwarWeb\App_Data\viewerTemp\7426d538bf7025f0c73ee162be245203de65235147.zip"
[0507/135713:INFO:pack.cc(128)] CreateTextureFromFile(uri='texture.png', filename='C:\Users\CHADWI~1\AppData\Local\Temp\8b9a62df-5104-4ae8-a3c1-a5946339a121.png')
[0507/135713:INFO:image_utils.cc(849)] Bitmap Found a PNG file : C:\Users\CHADWI~1\AppData\Local\Temp\8b9a62df-5104-4ae8-a3c1-a5946339a121.png
[0507/135921:INFO:collada.cc(302)] Loading Collada model "/Earth_iED_METADATA_EXAMPLE.dae" from zip file "C:\Development\ied.GitHub.com\3D-Repository\3D-Repository\VwarWeb\App_Data\viewerTemp\7426d538bf7025f0c73ee162be245203de65235158.zip"
[0507/135921:INFO:pack.cc(128)] CreateTextureFromFile(uri='texture.png', filename='C:\Users\CHADWI~1\AppData\Local\Temp\c9006ea9-0835-4b3c-9761-594d78d2d49e.png')
[0507/135921:INFO:image_utils.cc(849)] Bitmap Found a PNG file : C:\Users\CHADWI~1\AppData\Local\Temp\c9006ea9-0835-4b3c-9761-594d78d2d49e.png
[0507/140634:INFO:collada.cc(302)] Loading Collada model "/Earth_iED_METADATA_EXAMPLE.dae" from zip file "C:\Development\ied.GitHub.com\3D-Repository\3D-Repository\VwarWeb\App_Data\viewerTemp\685b8ec501c248ab7808c5e0f3109b6cad99844724.zip"
[0507/140634:INFO:pack.cc(128)] CreateTextureFromFile(uri='texture.png', filename='C:\Users\CHADWI~1\AppData\Local\Temp\4ba1ff8c-5984-4ab3-9505-0ca7663e5674.png')
[0507/140634:INFO:image_utils.cc(849)] Bitmap Found a PNG file : C:\Users\CHADWI~1\AppData\Local\Temp\4ba1ff8c-5984-4ab3-9505-0ca7663e5674.png
[0507/140806:INFO:collada.cc(302)] Loading Collada model "/Earth_iED_METADATA_EXAMPLE.dae" from zip file "C:\Development\ied.GitHub.com\3D-Repository\3D-Repository\VwarWeb\App_Data\viewerTemp\685b8ec501c248ab7808c5e0f3109b6cad99844767.zip"
[0507/140806:INFO:pack.cc(128)] CreateTextureFromFile(uri='texture.png', filename='C:\Users\CHADWI~1\AppData\Local\Temp\b39a8c48-2378-4aa9-acbe-09c296ac60a5.png')
[0507/140806:INFO:image_utils.cc(849)] Bitmap Found a PNG file : C:\Users\CHADWI~1\AppData\Local\Temp\b39a8c48-2378-4aa9-acbe-09c296ac60a5.png
[0507/141404:INFO:collada.cc(302)] Loading Collada model "/Earth_iED_METADATA_EXAMPLE.dae" from zip file "C:\Development\ied.GitHub.com\3D-Repository\3D-Repository\VwarWeb\App_Data\viewerTemp\685b8ec501c248ab7808c5e0f3109b6cad99844787.zip"
[0507/141404:INFO:pack.cc(128)] CreateTextureFromFile(uri='texture.png', filename='C:\Users\CHADWI~1\AppData\Local\Temp\fd06008a-861c-43a7-98cd-cc2c442b8c1d.png')
[0507/141404:INFO:image_utils.cc(849)] Bitmap Found a PNG file : C:\Users\CHADWI~1\AppData\Local\Temp\fd06008a-861c-43a7-98cd-cc2c442b8c1d.png
[0507/143637:INFO:collada.cc(302)] Loading Collada model "/Earth_iED_METADATA_EXAMPLE.dae" from zip file "C:\Development\ied.GitHub.com\3D-Repository\3D-Repository\VwarWeb\App_Data\viewerTemp\685b8ec501c248ab7808c5e0f3109b6cad99844769.zip"
[0507/143637:INFO:pack.cc(128)] CreateTextureFromFile(uri='texture.png', filename='C:\Users\CHADWI~1\AppData\Local\Temp\aa7a1edd-4964-40af-925a-87435b7b842d.png')
[0507/143637:INFO:image_utils.cc(849)] Bitmap Found a PNG file : C:\Users\CHADWI~1\AppData\Local\Temp\aa7a1edd-4964-40af-925a-87435b7b842d.png
[0507/143753:INFO:collada.cc(302)] Loading Collada model "/Earth_iED_METADATA_EXAMPLE.dae" from zip file "C:\Development\ied.GitHub.com\3D-Repository\3D-Repository\VwarWeb\App_Data\viewerTemp\685b8ec501c248ab7808c5e0f3109b6cad99844779.zip"
[0507/143753:INFO:pack.cc(128)] CreateTextureFromFile(uri='texture.png', filename='C:\Users\CHADWI~1\AppData\Local\Temp\84e6c69b-3073-4fc5-a417-690df02bb564.png')
[0507/143753:INFO:image_utils.cc(849)] Bitmap Found a PNG file : C:\Users\CHADWI~1\AppData\Local\Temp\84e6c69b-3073-4fc5-a417-690df02bb564.png
[0507/144413:INFO:collada.cc(302)] Loading Collada model "/Earth_iED_METADATA_EXAMPLE.dae" from zip file "C:\Development\ied.GitHub.com\3D-Repository\3D-Repository\VwarWeb\App_Data\viewerTemp\685b8ec501c248ab7808c5e0f3109b6cad99844756.zip"
[0507/144413:INFO:pack.cc(128)] CreateTextureFromFile(uri='texture.png', filename='C:\Users\CHADWI~1\AppData\Local\Temp\818d70ef-b0a4-4a24-83ff-e991ced59f42.png')
[0507/144413:INFO:image_utils.cc(849)] Bitmap Found a PNG file : C:\Users\CHADWI~1\AppData\Local\Temp\818d70ef-b0a4-4a24-83ff-e991ced59f42.png
[0507/144508:INFO:collada.cc(302)] Loading Collada model "/Earth_iED_METADATA_EXAMPLE.dae" from zip file "C:\Development\ied.GitHub.com\3D-Repository\3D-Repository\VwarWeb\App_Data\viewerTemp\685b8ec501c248ab7808c5e0f3109b6cad9984472.zip"
[0507/144508:INFO:pack.cc(128)] CreateTextureFromFile(uri='texture.png', filename='C:\Users\CHADWI~1\AppData\Local\Temp\71f6357e-8de2-49cc-a1e8-ef461388cb65.png')
[0507/144508:INFO:image_utils.cc(849)] Bitmap Found a PNG file : C:\Users\CHADWI~1\AppData\Local\Temp\71f6357e-8de2-49cc-a1e8-ef461388cb65.png
[0507/144907:INFO:collada.cc(302)] Loading Collada model "/Earth_iED_METADATA_EXAMPLE.dae" from zip file "C:\Development\ied.GitHub.com\3D-Repository\3D-Repository\VwarWeb\App_Data\viewerTemp\685b8ec501c248ab7808c5e0f3109b6cad99844725.zip"
[0507/144907:INFO:pack.cc(128)] CreateTextureFromFile(uri='texture.png', filename='C:\Users\CHADWI~1\AppData\Local\Temp\b9a8b4c9-9864-40b5-a13d-cec3f0b6edff.png')
[0507/144907:INFO:image_utils.cc(849)] Bitmap Found a PNG file : C:\Users\CHADWI~1\AppData\Local\Temp\b9a8b4c9-9864-40b5-a13d-cec3f0b6edff.png
[0507/145155:INFO:collada.cc(302)] Loading Collada model "/Earth_iED_METADATA_EXAMPLE.dae" from zip file "C:\Development\ied.GitHub.com\3D-Repository\3D-Repository\VwarWeb\App_Data\viewerTemp\685b8ec501c248ab7808c5e0f3109b6cad99844737.zip"
[0507/145155:INFO:pack.cc(128)] CreateTextureFromFile(uri='texture.png', filename='C:\Users\CHADWI~1\AppData\Local\Temp\419bc440-4e5c-4387-8128-184e26f89ac2.png')
[0507/145155:INFO:image_utils.cc(849)] Bitmap Found a PNG file : C:\Users\CHADWI~1\AppData\Local\Temp\419bc440-4e5c-4387-8128-184e26f89ac2.png
[0507/145229:INFO:collada.cc(302)] Loading Collada model "/Earth_iED_METADATA_EXAMPLE.dae" from zip file "C:\Development\ied.GitHub.com\3D-Repository\3D-Repository\VwarWeb\App_Data\viewerTemp\685b8ec501c248ab7808c5e0f3109b6cad99844737.zip"
[0507/145229:INFO:pack.cc(128)] CreateTextureFromFile(uri='texture.png', filename='C:\Users\CHADWI~1\AppData\Local\Temp\caeb0b0a-0a66-45ad-83ca-67a8623dcfd2.png')
[0507/145229:INFO:image_utils.cc(849)] Bitmap Found a PNG file : C:\Users\CHADWI~1\AppData\Local\Temp\caeb0b0a-0a66-45ad-83ca-67a8623dcfd2.png
[0507/145246:INFO:collada.cc(302)] Loading Collada model "/Earth_iED_METADATA_EXAMPLE.dae" from zip file "C:\Development\ied.GitHub.com\3D-Repository\3D-Repository\VwarWeb\App_Data\viewerTemp\685b8ec501c248ab7808c5e0f3109b6cad99844782.zip"
[0507/145246:INFO:pack.cc(128)] CreateTextureFromFile(uri='texture.png', filename='C:\Users\CHADWI~1\AppData\Local\Temp\9c086ef1-96c3-4005-a97e-a9b2fe4597b7.png')
[0507/145246:INFO:image_utils.cc(849)] Bitmap Found a PNG file : C:\Users\CHADWI~1\AppData\Local\Temp\9c086ef1-96c3-4005-a97e-a9b2fe4597b7.png
[0507/145622:INFO:collada.cc(302)] Loading Collada model "/Earth_iED_METADATA_EXAMPLE.dae" from zip file "C:\Development\ied.GitHub.com\3D-Repository\3D-Repository\VwarWeb\App_Data\viewerTemp\685b8ec501c248ab7808c5e0f3109b6cad99844743.zip"
[0507/145622:INFO:pack.cc(128)] CreateTextureFromFile(uri='texture.png', filename='C:\Users\CHADWI~1\AppData\Local\Temp\5f12e443-d401-45e2-be25-e0a3416417d0.png')
[0507/145622:INFO:image_utils.cc(849)] Bitmap Found a PNG file : C:\Users\CHADWI~1\AppData\Local\Temp\5f12e443-d401-45e2-be25-e0a3416417d0.png
[0507/145640:INFO:collada.cc(302)] Loading Collada model "/Earth_iED_METADATA_EXAMPLE.dae" from zip file "C:\Development\ied.GitHub.com\3D-Repository\3D-Repository\VwarWeb\App_Data\viewerTemp\685b8ec501c248ab7808c5e0f3109b6cad99844789.zip"
[0507/145640:INFO:pack.cc(128)] CreateTextureFromFile(uri='texture.png', filename='C:\Users\CHADWI~1\AppData\Local\Temp\30ded914-5d78-4c28-a5b7-b7a020eb7ac6.png')
[0507/145640:INFO:image_utils.cc(849)] Bitmap Found a PNG file : C:\Users\CHADWI~1\AppData\Local\Temp\30ded914-5d78-4c28-a5b7-b7a020eb7ac6.png
[0507/145933:INFO:collada.cc(302)] Loading Collada model "/Earth_iED_METADATA_EXAMPLE.dae" from zip file "C:\Development\ied.GitHub.com\3D-Repository\3D-Repository\VwarWeb\App_Data\viewerTemp\685b8ec501c248ab7808c5e0f3109b6cad99844723.zip"
[0507/145933:INFO:pack.cc(128)] CreateTextureFromFile(uri='texture.png', filename='C:\Users\CHADWI~1\AppData\Local\Temp\1b26004c-8f6e-4ffa-b0f6-e126779b5d53.png')
[0507/145933:INFO:image_utils.cc(849)] Bitmap Found a PNG file : C:\Users\CHADWI~1\AppData\Local\Temp\1b26004c-8f6e-4ffa-b0f6-e126779b5d53.png
[0507/150118:INFO:collada.cc(302)] Loading Collada model "/Earth_iED_METADATA_EXAMPLE.dae" from zip file "C:\Development\ied.GitHub.com\3D-Repository\3D-Repository\VwarWeb\App_Data\viewerTemp\685b8ec501c248ab7808c5e0f3109b6cad99844772.zip"
[0507/150118:INFO:pack.cc(128)] CreateTextureFromFile(uri='texture.png', filename='C:\Users\CHADWI~1\AppData\Local\Temp\aaff08b2-f27c-48bb-b441-5efb4091fb59.png')
[0507/150118:INFO:image_utils.cc(849)] Bitmap Found a PNG file : C:\Users\CHADWI~1\AppData\Local\Temp\aaff08b2-f27c-48bb-b441-5efb4091fb59.png
[0507/150135:INFO:collada.cc(302)] Loading Collada model "/Earth_iED_METADATA_EXAMPLE.dae" from zip file "C:\Development\ied.GitHub.com\3D-Repository\3D-Repository\VwarWeb\App_Data\viewerTemp\685b8ec501c248ab7808c5e0f3109b6cad99844785.zip"
[0507/150135:INFO:pack.cc(128)] CreateTextureFromFile(uri='texture.png', filename='C:\Users\CHADWI~1\AppData\Local\Temp\e9273eb3-d107-403b-b175-df1ec94ca4fa.png')
[0507/150135:INFO:image_utils.cc(849)] Bitmap Found a PNG file : C:\Users\CHADWI~1\AppData\Local\Temp\e9273eb3-d107-403b-b175-df1ec94ca4fa.png
[0507/150522:INFO:collada.cc(302)] Loading Collada model "/Earth_iED_METADATA_EXAMPLE.dae" from zip file "C:\Development\ied.GitHub.com\3D-Repository\3D-Repository\VwarWeb\App_Data\viewerTemp\685b8ec501c248ab7808c5e0f3109b6cad99844732.zip"
[0507/150522:INFO:pack.cc(128)] CreateTextureFromFile(uri='texture.png', filename='C:\Users\CHADWI~1\AppData\Local\Temp\3158594a-ea79-4256-bd1c-42d1b5d86a40.png')
[0507/150522:INFO:image_utils.cc(849)] Bitmap Found a PNG file : C:\Users\CHADWI~1\AppData\Local\Temp\3158594a-ea79-4256-bd1c-42d1b5d86a40.png
[0507/150730:INFO:collada.cc(302)] Loading Collada model "/Earth_iED_METADATA_EXAMPLE.dae" from zip file "C:\Development\ied.GitHub.com\3D-Repository\3D-Repository\VwarWeb\App_Data\viewerTemp\685b8ec501c248ab7808c5e0f3109b6cad9984475.zip"
[0507/150730:INFO:pack.cc(128)] CreateTextureFromFile(uri='texture.png', filename='C:\Users\CHADWI~1\AppData\Local\Temp\e957efb1-d5ee-4b10-b486-87adf63b47b8.png')
[0507/150730:INFO:image_utils.cc(849)] Bitmap Found a PNG file : C:\Users\CHADWI~1\AppData\Local\Temp\e957efb1-d5ee-4b10-b486-87adf63b47b8.png
[0507/150839:INFO:collada.cc(302)] Loading Collada model "/Earth_iED_METADATA_EXAMPLE.dae" from zip file "C:\Development\ied.GitHub.com\3D-Repository\3D-Repository\VwarWeb\App_Data\viewerTemp\685b8ec501c248ab7808c5e0f3109b6cad99844753.zip"
[0507/150839:INFO:pack.cc(128)] CreateTextureFromFile(uri='texture.png', filename='C:\Users\CHADWI~1\AppData\Local\Temp\fa4b9c32-889f-4d6c-80ed-a70c8a22693e.png')
[0507/150839:INFO:image_utils.cc(849)] Bitmap Found a PNG file : C:\Users\CHADWI~1\AppData\Local\Temp\fa4b9c32-889f-4d6c-80ed-a70c8a22693e.png
[0507/151043:INFO:collada.cc(302)] Loading Collada model "/Earth_iED_METADATA_EXAMPLE.dae" from zip file "C:\Development\ied.GitHub.com\3D-Repository\3D-Repository\VwarWeb\App_Data\viewerTemp\685b8ec501c248ab7808c5e0f3109b6cad99844769.zip"
[0507/151043:INFO:pack.cc(128)] CreateTextureFromFile(uri='texture.png', filename='C:\Users\CHADWI~1\AppData\Local\Temp\b6b9d76a-3d70-4f77-ab18-674ea9c010db.png')
[0507/151043:INFO:image_utils.cc(849)] Bitmap Found a PNG file : C:\Users\CHADWI~1\AppData\Local\Temp\b6b9d76a-3d70-4f77-ab18-674ea9c010db.png
[0507/151141:INFO:collada.cc(302)] Loading Collada model "/Earth_iED_METADATA_EXAMPLE.dae" from zip file "C:\Development\ied.GitHub.com\3D-Repository\3D-Repository\VwarWeb\App_Data\viewerTemp\685b8ec501c248ab7808c5e0f3109b6cad99844742.zip"
[0507/151141:INFO:pack.cc(128)] CreateTextureFromFile(uri='texture.png', filename='C:\Users\CHADWI~1\AppData\Local\Temp\b5dca94a-dc08-446d-affd-1f340076e39f.png')
[0507/151141:INFO:image_utils.cc(849)] Bitmap Found a PNG file : C:\Users\CHADWI~1\AppData\Local\Temp\b5dca94a-dc08-446d-affd-1f340076e39f.png
[0507/153519:INFO:collada.cc(302)] Loading Collada model "/Earth_iED_METADATA_EXAMPLE.dae" from zip file "C:\Development\ied.GitHub.com\3D-Repository\3D-Repository\VwarWeb\App_Data\viewerTemp\685b8ec501c248ab7808c5e0f3109b6cad99844722.zip"
[0507/153519:INFO:pack.cc(128)] CreateTextureFromFile(uri='texture.png', filename='C:\Users\CHADWI~1\AppData\Local\Temp\901c47c2-9777-4c96-886e-0aaeba4d2496.png')
[0507/153519:INFO:image_utils.cc(849)] Bitmap Found a PNG file : C:\Users\CHADWI~1\AppData\Local\Temp\901c47c2-9777-4c96-886e-0aaeba4d2496.png
[0507/153623:INFO:collada.cc(302)] Loading Collada model "/Earth_iED_METADATA_EXAMPLE.dae" from zip file "C:\Development\ied.GitHub.com\3D-Repository\3D-Repository\VwarWeb\App_Data\viewerTemp\685b8ec501c248ab7808c5e0f3109b6cad99844768.zip"
[0507/153623:INFO:pack.cc(128)] CreateTextureFromFile(uri='texture.png', filename='C:\Users\CHADWI~1\AppData\Local\Temp\b1f49f60-cf90-496d-8423-b292f18194c9.png')
[0507/153623:INFO:image_utils.cc(849)] Bitmap Found a PNG file : C:\Users\CHADWI~1\AppData\Local\Temp\b1f49f60-cf90-496d-8423-b292f18194c9.png
[0507/154033:INFO:collada.cc(302)] Loading Collada model "/Earth_iED_METADATA_EXAMPLE.dae" from zip file "C:\Development\ied.GitHub.com\3D-Repository\3D-Repository\VwarWeb\App_Data\viewerTemp\685b8ec501c248ab7808c5e0f3109b6cad99844725.zip"
[0507/154033:INFO:pack.cc(128)] CreateTextureFromFile(uri='texture.png', filename='C:\Users\CHADWI~1\AppData\Local\Temp\383e8279-a54d-4acb-947d-0e2226306867.png')
[0507/154033:INFO:image_utils.cc(849)] Bitmap Found a PNG file : C:\Users\CHADWI~1\AppData\Local\Temp\383e8279-a54d-4acb-947d-0e2226306867.png
[0507/155722:INFO:collada.cc(302)] Loading Collada model "/Earth_iED_METADATA_EXAMPLE.dae" from zip file "C:\Development\ied.GitHub.com\3D-Repository\3D-Repository\VwarWeb\App_Data\viewerTemp\685b8ec501c248ab7808c5e0f3109b6cad99844716.zip"
[0507/155722:INFO:pack.cc(128)] CreateTextureFromFile(uri='texture.png', filename='C:\Users\CHADWI~1\AppData\Local\Temp\7d103f71-1068-4fd6-90f4-9bcecb43ceaa.png')
[0507/155722:INFO:image_utils.cc(849)] Bitmap Found a PNG file : C:\Users\CHADWI~1\AppData\Local\Temp\7d103f71-1068-4fd6-90f4-9bcecb43ceaa.png
[0507/163248:INFO:collada.cc(302)] Loading Collada model "/Earth_iED_METADATA_EXAMPLE.dae" from zip file "C:\Development\ied.GitHub.com\3D-Repository\3D-Repository\VwarWeb\App_Data\viewerTemp\685b8ec501c248ab7808c5e0f3109b6cad99844780.zip"
[0507/163248:INFO:pack.cc(128)] CreateTextureFromFile(uri='texture.png', filename='C:\Users\CHADWI~1\AppData\Local\Temp\6f6ae61a-357b-4c60-926c-e97055701f60.png')
[0507/163248:INFO:image_utils.cc(849)] Bitmap Found a PNG file : C:\Users\CHADWI~1\AppData\Local\Temp\6f6ae61a-357b-4c60-926c-e97055701f60.png
